0	1	mikrocAVR.exe -MSF -DBG -pATXMEGA32A4U -RA -Y -DL -SSA -O11111114 -fo32 -N"C:\Users\SShahryiar\Desktop\BMP180  + ST7735S\comms_demo.mcpav" -BOOTOP0 -SP"C:\Users\Public\Documents\Mikroelektronika\mikroC PRO for AVR\Defs\" -SP"C:\Users\Public\Documents\Mikroelektronika\mikroC PRO for AVR\Uses\" -SP"C:\Users\SShahryiar\Desktop\BMP180  + ST7735S\" -SP"C:\Users\sshah\Desktop\BMP180 + DS18B20 + ST7735S\" -SP"C:\Users\Public\Documents\Mikroelektronika\mikroC PRO for AVR\Uses\LTE64KW\" -IP"C:\Users\sshah\Desktop\BMP180 + DS18B20 + ST7735S\" -IP"C:\Users\SShahryiar\Desktop\BMP180  + ST7735S\" "comms_demo.c" "__Lib_Math.mcl" "__Lib_MathDouble.mcl" "__Lib_System.mcl" "__Lib_Delays.mcl" "__Lib_OneWire_xmega.mcl" "__Lib_SPI_c567_d567.mcl" "__Lib_TWI_c01_e01.mcl"	 
warning: 0	1501	Specified search path does not exist: 'C:\Users\sshah\Desktop\BMP180 + DS18B20 + ST7735S'	 
warning: 0	1502	Specified include path does not exist: 'C:\Users\sshah\Desktop\BMP180 + DS18B20 + ST7735S'	 
diagnostics: 0	122	Compilation Started	ATXMEGA32A4U.c
diagnostics: 4125	123	Compiled Successfully	ATXMEGA32A4U.c
diagnostics: 0	122	Compilation Started	__Lib_Delays.c
diagnostics: 170	123	Compiled Successfully	__Lib_Delays.c
diagnostics: 0	122	Compilation Started	font.c
diagnostics: 260	123	Compiled Successfully	comms_demo.c
hint: 378	1164	Variable 'pos' has been eliminated by optimizer	comms_demo.c
hint: 379	1164	Variable 'temp' has been eliminated by optimizer	comms_demo.c
hint: 396	1164	Variable 'pos' has been eliminated by optimizer	comms_demo.c
hint: 397	1164	Variable 'temp' has been eliminated by optimizer	comms_demo.c
hint: 705	1164	Variable 'value' has been eliminated by optimizer	comms_demo.c
hint: 34	1164	Variable 'temp' has been eliminated by optimizer	comms_demo.c
hint: 78	1164	Variable 'ut' has been eliminated by optimizer	comms_demo.c
hint: 92	1164	Variable 'xlsb_value' has been eliminated by optimizer	comms_demo.c
hint: 94	1164	Variable 'up' has been eliminated by optimizer	comms_demo.c
hint: 133	1164	Variable 'tmp' has been eliminated by optimizer	comms_demo.c
hint: 136	1164	Variable 'x2' has been eliminated by optimizer	comms_demo.c
hint: 152	1164	Variable 'x2' has been eliminated by optimizer	comms_demo.c
hint: 153	1164	Variable 'x3' has been eliminated by optimizer	comms_demo.c
hint: 226	1164	Variable 'value' has been eliminated by optimizer	comms_demo.c
diagnostics: 0	127	All files Compiled in 328 ms	 
hint: 0	1144	Used RX (bytes): 32 (100%)   Free RX (bytes): 0 (0%)	Used RX (bytes): 32 (100%)   Free RX (bytes): 0 (0%)
hint: 0	1144	Static RAM (bytes): 33   Dynamic RAM (bytes): 4063	Static RAM (bytes): 33   Dynamic RAM (bytes): 4063
hint: 0	1144	Used ROM (bytes): 12461 (43%)  Free ROM (bytes): 16211 (57%)	Used ROM (bytes): 12461 (43%)  Free ROM (bytes): 16211 (57%)
diagnostics: 0	125	Project Linked Successfully	comms_demo.mcpav
diagnostics: 0	128	Linked in 78 ms	 
diagnostics: 0	129	Project 'comms_demo.mcpav' completed: 734 ms	 
diagnostics: 0	103	Finished successfully: 08 Oct 2016, 16:02:02	comms_demo.mcpav
